{
  "0 debug pnpm:scope": {
    "selected": 1
  },
  "1 info pnpm": {
    "err": {
      "name": "Error",
      "message": "not found: cache",
      "code": "ENOENT",
      "stack": "Error: not found: cache\n    at getNotFoundError (/usr/local/lib/node_modules/pnpm/dist/pnpm.cjs:41670:51)\n    at Function.whichSync [as sync] (/usr/local/lib/node_modules/pnpm/dist/pnpm.cjs:41747:13)\n    at getCommandAbsolutePathSync (/usr/local/lib/node_modules/pnpm/dist/pnpm.cjs:43312:44)\n    at default_1 (/usr/local/lib/node_modules/pnpm/dist/pnpm.cjs:43321:32)\n    at /usr/local/lib/node_modules/pnpm/dist/pnpm.cjs:172142:39"
    }
  },
  "2 error pnpm": {
    "code": "ERR_PNPM_RECURSIVE_EXEC_FIRST_FAIL",
    "prefix": "/project/home/kmylo/workspace",
    "err": {
      "name": "pnpm",
      "message": "not found: cache",
      "code": "ERR_PNPM_RECURSIVE_EXEC_FIRST_FAIL",
      "stack": "Error: not found: cache\n    at getNotFoundError (/usr/local/lib/node_modules/pnpm/dist/pnpm.cjs:41670:51)\n    at Function.whichSync [as sync] (/usr/local/lib/node_modules/pnpm/dist/pnpm.cjs:41747:13)\n    at getCommandAbsolutePathSync (/usr/local/lib/node_modules/pnpm/dist/pnpm.cjs:43312:44)\n    at default_1 (/usr/local/lib/node_modules/pnpm/dist/pnpm.cjs:43321:32)\n    at /usr/local/lib/node_modules/pnpm/dist/pnpm.cjs:172142:39"
    }
  }
}